TN:
SF:src/components/index.ts
FN:5,(anonymous_1)
FN:6,(anonymous_2)
FNF:2
FNH:1
FNDA:0,(anonymous_1)
FNDA:1,(anonymous_2)
DA:1,1
DA:2,1
DA:5,1
DA:6,2
LF:4
LH:4
BRF:0
BRH:0
end_of_record
TN:
SF:src/components/Form/Form.tsx
FN:7,Form
FNF:1
FNH:1
FNDA:1,Form
DA:1,1
DA:3,1
DA:5,1
DA:7,1
DA:9,1
DA:19,1
LF:6
LH:6
BRF:0
BRH:0
end_of_record
TN:
SF:src/components/LoginBox/LoginBox.tsx
FN:6,LoginBox
FNF:1
FNH:0
FNDA:0,LoginBox
DA:1,1
DA:2,1
DA:4,1
DA:6,1
DA:8,0
LF:5
LH:4
BRF:0
BRH:0
end_of_record
TN:
SF:src/screens/index.ts
FN:4,(anonymous_1)
FNF:1
FNH:0
FNDA:0,(anonymous_1)
DA:1,0
DA:4,0
LF:2
LH:0
BRF:0
BRH:0
end_of_record
TN:
SF:src/screens/Login/Login.tsx
FN:7,Login
FNF:1
FNH:0
FNDA:0,Login
DA:1,0
DA:2,0
DA:4,0
DA:5,0
DA:7,0
DA:9,0
LF:6
LH:0
BRF:0
BRH:0
end_of_record
